<?xml version="1.0" encoding="utf-8"?><testsuites name="pytest tests"><testsuite name="pytest" errors="0" failures="0" skipped="0" tests="8" time="1.048" timestamp="2026-06-20T16:36:34.035146+00:00" hostname="agent-env-a55cf34d-9daf-4c46-87e5-76163d6e3551"><testcase classname="backend.tests.test_documents" name="test_get_documents_returns_empty_defaults" time="0.390" /><testcase classname="backend.tests.test_documents" name="test_put_documents_persists_and_sets_updated_at" time="0.121" /><testcase classname="backend.tests.test_documents" name="test_generate_scope_does_not_clobber_other_sections" time="0.141" /><testcase classname="backend.tests.test_documents" name="test_generate_all_sections" time="0.048" /><testcase classname="backend.tests.test_documents" name="test_proposal_price_summary_matches_estimate" time="0.092" /><testcase classname="backend.tests.test_documents" name="test_404_on_missing_project_get" time="0.049" /><testcase classname="backend.tests.test_documents" name="test_404_on_missing_project_put" time="0.043" /><testcase classname="backend.tests.test_documents" name="test_404_on_missing_project_generate" time="0.090" /></testsuite></testsuites>