<?xml version="1.0" encoding="utf-8"?><testsuites name="pytest tests"><testsuite name="pytest" errors="0" failures="0" skipped="0" tests="11" time="2.722" timestamp="2026-06-20T16:42:57.885411+00:00" hostname="agent-env-a55cf34d-9daf-4c46-87e5-76163d6e3551"><testcase classname="backend.tests.test_equipment_import.TestAxisImport" name="test_import_axis_csv_creates_26" time="0.359" /><testcase classname="backend.tests.test_equipment_import.TestAxisImport" name="test_axis_rows_have_correct_fields" time="0.054" /><testcase classname="backend.tests.test_equipment_import.TestImportEdgeCases" name="test_empty_body_returns_zero_created" time="0.045" /><testcase classname="backend.tests.test_equipment_import.TestImportEdgeCases" name="test_missing_required_columns_skips_rows" time="0.043" /><testcase classname="backend.tests.test_equipment_import.TestCategoryMapping" name="test_system_maps_to_category[Access Control-Access Control]" time="0.160" /><testcase classname="backend.tests.test_equipment_import.TestCategoryMapping" name="test_system_maps_to_category[IDS-IDS]" time="0.136" /><testcase classname="backend.tests.test_equipment_import.TestCategoryMapping" name="test_system_maps_to_category[Intercom-Intercom]" time="0.148" /><testcase classname="backend.tests.test_equipment_import.TestCategoryMapping" name="test_system_maps_to_category[Network-Network/Headend]" time="0.131" /><testcase classname="backend.tests.test_equipment_import.TestCategoryMapping" name="test_system_maps_to_category[Cabling-Cabling]" time="0.135" /><testcase classname="backend.tests.test_equipment_import.TestEquipmentCreateRegression" name="test_create_equipment_with_new_fields" time="0.130" /><testcase classname="backend.tests.test_equipment_import.TestEquipmentCreateRegression" name="test_create_equipment_minimal_legacy_payload" time="1.297" /></testsuite></testsuites>