<?xml version="1.0" encoding="utf-8"?><testsuites name="pytest tests"><testsuite name="pytest" errors="0" failures="0" skipped="0" tests="11" time="2.323" timestamp="2026-06-20T16:20:49.547252+00:00" hostname="agent-env-a55cf34d-9daf-4c46-87e5-76163d6e3551"><testcase classname="backend.tests.backend_test" name="test_root" time="0.245" /><testcase classname="backend.tests.backend_test" name="test_project_create_persists" time="0.199" /><testcase classname="backend.tests.backend_test" name="test_list_projects" time="0.050" /><testcase classname="backend.tests.backend_test" name="test_project_404" time="0.048" /><testcase classname="backend.tests.backend_test" name="test_equipment_persist_and_filter" time="0.270" /><testcase classname="backend.tests.backend_test" name="test_equipment_ndaa_flag" time="0.043" /><testcase classname="backend.tests.backend_test" name="test_equipment_delete" time="0.292" /><testcase classname="backend.tests.backend_test" name="test_labor_rates_defaults_and_upsert" time="0.213" /><testcase classname="backend.tests.backend_test" name="test_items_crud_and_estimate" time="0.349" /><testcase classname="backend.tests.backend_test" name="test_add_item_to_missing_project" time="0.048" /><testcase classname="backend.tests.backend_test" name="test_delete_project_cascades_items" time="0.486" /></testsuite></testsuites>